<?xml version="1.0" encoding="UTF-8" ?>
<testsuite tests="4" failures="2" name="com.utilidades.S1Test" time="0.049" errors="0" skipped="0">
  <properties>
[...]
</properties>
  <testcase classname="com.utilidades.S1Test" name="com.utilidades.S1Test.testNegativoPositivoCero" time="0.016"/>
  <testcase classname="com.utilidades.S1Test" name="com.utilidades.S1Test.testPagarEntrada" time="0.033">
    <failure message="Multiple Failures (6 failures)
	org.opentest4j.AssertionFailedError: Edad 5: falso ==&gt; expected: &lt;false&gt; but was: &lt;true&gt;
	org.opentest4j.AssertionFailedError: Edad 18: verdadero ==&gt; expected: &lt;true&gt; but was: &lt;false&gt;
	org.opentest4j.AssertionFailedError: Edad 41: verdadero ==&gt; expected: &lt;true&gt; but was: &lt;false&gt;
	org.opentest4j.AssertionFailedError: Edad 65: falso ==&gt; expected: &lt;false&gt; but was: &lt;true&gt;
	org.opentest4j.AssertionFailedError: Edad 80: falso ==&gt; expected: &lt;false&gt; but was: &lt;true&gt;
	org.opentest4j.AssertionFailedError: Edad -1: nulo ==&gt; expected: &lt;null&gt; but was: &lt;true&gt;" type="org.opentest4j.MultipleFailuresError">org.opentest4j.MultipleFailuresError: Multiple Failures (6 failures)
	org.opentest4j.AssertionFailedError: Edad 5: falso ==&gt; expected: &lt;false&gt; but was: &lt;true&gt;
	org.opentest4j.AssertionFailedError: Edad 18: verdadero ==&gt; expected: &lt;true&gt; but was: &lt;false&gt;
	org.opentest4j.AssertionFailedError: Edad 41: verdadero ==&gt; expected: &lt;true&gt; but was: &lt;false&gt;
	org.opentest4j.AssertionFailedError: Edad 65: falso ==&gt; expected: &lt;false&gt; but was: &lt;true&gt;
	org.opentest4j.AssertionFailedError: Edad 80: falso ==&gt; expected: &lt;false&gt; but was: &lt;true&gt;
	org.opentest4j.AssertionFailedError: Edad -1: nulo ==&gt; expected: &lt;null&gt; but was: &lt;true&gt;
	at org.junit.jupiter.api.AssertAll.assertAll(AssertAll.java:80)
	at org.junit.jupiter.api.AssertAll.assertAll(AssertAll.java:44)
	at org.junit.jupiter.api.AssertAll.assertAll(AssertAll.java:38)
	at org.junit.jupiter.api.Assertions.assertAll(Assertions.java:2911)
	at com.utilidades.S1Test.testPagarEntrada(S1Test.java:54)
</failure>
  </testcase>
  <testcase classname="com.utilidades.S1Test" name="com.utilidades.S1Test.testEsMayorQueCero" time="0"/>
  <testcase classname="com.utilidades.S1Test" name="com.utilidades.S1Test.testEntreCeroYDiez" time="0">
    <failure message="Multiple Failures (2 failures)
	org.opentest4j.AssertionFailedError: Valor -7: falso ==&gt; expected: &lt;false&gt; but was: &lt;true&gt;
	org.opentest4j.AssertionFailedError: Valor 34: falso ==&gt; expected: &lt;false&gt; but was: &lt;true&gt;" type="org.opentest4j.MultipleFailuresError">org.opentest4j.MultipleFailuresError: Multiple Failures (2 failures)
	org.opentest4j.AssertionFailedError: Valor -7: falso ==&gt; expected: &lt;false&gt; but was: &lt;true&gt;
	org.opentest4j.AssertionFailedError: Valor 34: falso ==&gt; expected: &lt;false&gt; but was: &lt;true&gt;
	at org.junit.jupiter.api.AssertAll.assertAll(AssertAll.java:80)
	at org.junit.jupiter.api.AssertAll.assertAll(AssertAll.java:44)
	at org.junit.jupiter.api.AssertAll.assertAll(AssertAll.java:38)
	at org.junit.jupiter.api.Assertions.assertAll(Assertions.java:2911)
	at com.utilidades.S1Test.testEntreCeroYDiez(S1Test.java:37)
</failure>
  </testcase>
</testsuite>