<?xml version="1.0" encoding="UTF-8" ?>
<testsuite tests="4" failures="4" name="com.utilidades.S2Test" time="0.04" errors="0" skipped="0">
  <properties>
[...]
</properties>
  <testcase classname="com.utilidades.S2Test" name="com.utilidades.S2Test.testMayor" time="0.024">
    <failure message="Multiple Failures (4 failures)
	java.lang.ArrayIndexOutOfBoundsException: Index 0 out of bounds for length 0
	org.opentest4j.AssertionFailedError: Mayor 5, 4, 3: 5 ==&gt; expected: &lt;5&gt; but was: &lt;3&gt;
	org.opentest4j.AssertionFailedError: Mayor -10 -4, -1, -10: -1 ==&gt; expected: &lt;-1&gt; but was: &lt;-10&gt;
	org.opentest4j.AssertionFailedError: Mayor 4, -10, 0, 30, 11: 30 ==&gt; expected: &lt;30&gt; but was: &lt;-10&gt;" type="org.opentest4j.MultipleFailuresError">org.opentest4j.MultipleFailuresError: Multiple Failures (4 failures)
	java.lang.ArrayIndexOutOfBoundsException: Index 0 out of bounds for length 0
	org.opentest4j.AssertionFailedError: Mayor 5, 4, 3: 5 ==&gt; expected: &lt;5&gt; but was: &lt;3&gt;
	org.opentest4j.AssertionFailedError: Mayor -10 -4, -1, -10: -1 ==&gt; expected: &lt;-1&gt; but was: &lt;-10&gt;
	org.opentest4j.AssertionFailedError: Mayor 4, -10, 0, 30, 11: 30 ==&gt; expected: &lt;30&gt; but was: &lt;-10&gt;
	at org.junit.jupiter.api.AssertAll.assertAll(AssertAll.java:80)
	at org.junit.jupiter.api.AssertAll.assertAll(AssertAll.java:44)
	at org.junit.jupiter.api.AssertAll.assertAll(AssertAll.java:38)
	at org.junit.jupiter.api.Assertions.assertAll(Assertions.java:2911)
	at com.utilidades.S2Test.testMayor(S2Test.java:77)
</failure>
  </testcase>
  <testcase classname="com.utilidades.S2Test" name="com.utilidades.S2Test.testDiasDelMes" time="0">
    <failure message="Multiple Failures (1 failure)
	org.opentest4j.AssertionFailedError: mes 11: 30 días ==&gt; expected: &lt;30&gt; but was: &lt;-1&gt;" type="org.opentest4j.MultipleFailuresError">org.opentest4j.MultipleFailuresError: Multiple Failures (1 failure)
	org.opentest4j.AssertionFailedError: mes 11: 30 días ==&gt; expected: &lt;30&gt; but was: &lt;-1&gt;
	at org.junit.jupiter.api.AssertAll.assertAll(AssertAll.java:80)
	at org.junit.jupiter.api.AssertAll.assertAll(AssertAll.java:44)
	at org.junit.jupiter.api.AssertAll.assertAll(AssertAll.java:38)
	at org.junit.jupiter.api.Assertions.assertAll(Assertions.java:2911)
	at com.utilidades.S2Test.testDiasDelMes(S2Test.java:36)
</failure>
  </testcase>
  <testcase classname="com.utilidades.S2Test" name="com.utilidades.S2Test.testMedia" time="0.016">
    <failure message="Multiple Failures (4 failures)
	org.opentest4j.AssertionFailedError: Media 5: 5 ==&gt; expected: &lt;5.0&gt; but was: &lt;0.0&gt;
	org.opentest4j.AssertionFailedError: Media 5, 4, 3: 4 ==&gt; expected: &lt;4.0&gt; but was: &lt;2.3333333&gt;
	org.opentest4j.AssertionFailedError: Media -1 -4, -1, -10: -4 ==&gt; expected: &lt;-4.0&gt; but was: &lt;-3.75&gt;
	org.opentest4j.AssertionFailedError: Media 4.5, -10, -0.5, 30, 11.5: 7.1 ==&gt; expected: &lt;7.1&gt; but was: &lt;6.2&gt;" type="org.opentest4j.MultipleFailuresError">org.opentest4j.MultipleFailuresError: Multiple Failures (4 failures)
	org.opentest4j.AssertionFailedError: Media 5: 5 ==&gt; expected: &lt;5.0&gt; but was: &lt;0.0&gt;
	org.opentest4j.AssertionFailedError: Media 5, 4, 3: 4 ==&gt; expected: &lt;4.0&gt; but was: &lt;2.3333333&gt;
	org.opentest4j.AssertionFailedError: Media -1 -4, -1, -10: -4 ==&gt; expected: &lt;-4.0&gt; but was: &lt;-3.75&gt;
	org.opentest4j.AssertionFailedError: Media 4.5, -10, -0.5, 30, 11.5: 7.1 ==&gt; expected: &lt;7.1&gt; but was: &lt;6.2&gt;
	at org.junit.jupiter.api.AssertAll.assertAll(AssertAll.java:80)
	at org.junit.jupiter.api.AssertAll.assertAll(AssertAll.java:44)
	at org.junit.jupiter.api.AssertAll.assertAll(AssertAll.java:38)
	at org.junit.jupiter.api.Assertions.assertAll(Assertions.java:2911)
	at com.utilidades.S2Test.testMedia(S2Test.java:61)
</failure>
  </testcase>
  <testcase classname="com.utilidades.S2Test" name="com.utilidades.S2Test.testMesDelAnio" time="0">
    <failure message="Multiple Failures (1 failure)
	org.opentest4j.AssertionFailedError: mes 12: diciembre ==&gt; expected: &lt;diciembre&gt; but was: &lt;valor incorrecto&gt;" type="org.opentest4j.MultipleFailuresError">org.opentest4j.MultipleFailuresError: Multiple Failures (1 failure)
	org.opentest4j.AssertionFailedError: mes 12: diciembre ==&gt; expected: &lt;diciembre&gt; but was: &lt;valor incorrecto&gt;
	at org.junit.jupiter.api.AssertAll.assertAll(AssertAll.java:80)
	at org.junit.jupiter.api.AssertAll.assertAll(AssertAll.java:44)
	at org.junit.jupiter.api.AssertAll.assertAll(AssertAll.java:38)
	at org.junit.jupiter.api.Assertions.assertAll(Assertions.java:2911)
	at com.utilidades.S2Test.testMesDelAnio(S2Test.java:18)
</failure>
  </testcase>
</testsuite>